<?xml version="1.0" encoding="UTF-8"?>
<!-- Generated by org.testng.reporters.JUnitReportReporter -->
<testsuite hostname="harisha" name="com.bayamp.cart.functional.FunctionalTests" tests="1" failures="0" timestamp="21 Nov 2014 04:39:24 GMT" time="0.010" errors="0">
  <testcase name="removeDuplicatesTest" time="0.010" classname="com.bayamp.cart.functional.FunctionalTests"/>
</testsuite> <!-- com.bayamp.cart.functional.FunctionalTests -->
